<?xml version="1.0" encoding="UTF-8"?>
<!-- Generated by org.testng.reporters.JUnitXMLReporter -->
<testsuite ignored="0" hostname="LAPTOP-1F4V8IEA" failures="1" tests="15" name="Flipkart Tests - Chrome" time="234.425" errors="0" timestamp="2025-09-04T12:23:30 IST">
  <testcase classname="tests.LoginTest" name="invalidPhoneShouldFail" time="13.491"/>
  <testcase classname="tests.LoginTest" name="invalidOtpShouldFail" time="23.958"/>
  <testcase classname="tests.LoginTest" name="validOtpShouldPass" time="35.41"/>
  <testcase classname="tests.ProductTest" name="testSearchProduct" time="7.783"/>
  <testcase classname="tests.ProductTest" name="testFilterByBrand" time="1.187"/>
  <testcase classname="tests.ProductTest" name="testFilterByRAM" time="1.239">
    <failure type="org.openqa.selenium.StaleElementReferenceException" message="stale element reference: stale element not found in the current frame
  (Session info: chrome=139.0.7258.155)
For documentation on this error, please visit: https://www.selenium.dev/documentation/webdriver/troubleshooting/errors#stale-element-reference-exception
Build info: version: &amp;apos;4.20.0&amp;apos;, revision: &amp;apos;866c76ca80&amp;apos;
System info: os.name: &amp;apos;Windows 11&amp;apos;, os.arch: &amp;apos;amd64&amp;apos;, os.version: &amp;apos;10.0&amp;apos;, java.version: &amp;apos;21.0.6&amp;apos;
Driver info: org.openqa.selenium.chrome.ChromeDriver
Command: [d18b79f58daf9746f541b88449a55546, isElementDisplayed {id=f.8274BB014A5AE8AC741670E6EA9A12AE.d.F5BB3594CEB80880EC6E7FFE16D9B3C4.e.473}]
Capabilities {acceptInsecureCerts: true, browserName: chrome, browserVersion: 139.0.7258.155, chrome: {chromedriverVersion: 139.0.7258.154 (9e0d6b2b47f..., userDataDir: C:\Users\nirma\AppData\Loca...}, fedcm:accounts: true, goog:chromeOptions: {debuggerAddress: localhost:52891}, networkConnectionEnabled: false, pageLoadStrategy: normal, platformName: windows, proxy: Proxy(), se:cdp: ws://localhost:52891/devtoo..., se:cdpVersion: 139.0.7258.155, setWindowRect: true, strictFileInteractability: false, timeouts: {implicit: 0, pageLoad: 300000, script: 30000}, unhandledPromptBehavior: dismiss and notify, webauthn:extension:credBlob: true, webauthn:extension:largeBlob: true, webauthn:extension:minPinLength: true, webauthn:extension:prf: true, webauthn:virtualAuthenticators: true}
Element: [[ChromeDriver: chrome on windows (d18b79f58daf9746f541b88449a55546)] -&amp;gt; xpath: //a[@class=&amp;apos;CGtC98&amp;apos;]]
Session ID: d18b79f58daf9746f541b88449a55546">
      <![CDATA[org.openqa.selenium.StaleElementReferenceException: stale element reference: stale element not found in the current frame
  (Session info: chrome=139.0.7258.155)
For documentation on this error, please visit: https://www.selenium.dev/documentation/webdriver/troubleshooting/errors#stale-element-reference-exception
Build info: version: '4.20.0', revision: '866c76ca80'
System info: os.name: 'Windows 11', os.arch: 'amd64', os.version: '10.0', java.version: '21.0.6'
Driver info: org.openqa.selenium.chrome.ChromeDriver
Command: [d18b79f58daf9746f541b88449a55546, isElementDisplayed {id=f.8274BB014A5AE8AC741670E6EA9A12AE.d.F5BB3594CEB80880EC6E7FFE16D9B3C4.e.473}]
Capabilities {acceptInsecureCerts: true, browserName: chrome, browserVersion: 139.0.7258.155, chrome: {chromedriverVersion: 139.0.7258.154 (9e0d6b2b47f..., userDataDir: C:\Users\nirma\AppData\Loca...}, fedcm:accounts: true, goog:chromeOptions: {debuggerAddress: localhost:52891}, networkConnectionEnabled: false, pageLoadStrategy: normal, platformName: windows, proxy: Proxy(), se:cdp: ws://localhost:52891/devtoo..., se:cdpVersion: 139.0.7258.155, setWindowRect: true, strictFileInteractability: false, timeouts: {implicit: 0, pageLoad: 300000, script: 30000}, unhandledPromptBehavior: dismiss and notify, webauthn:extension:credBlob: true, webauthn:extension:largeBlob: true, webauthn:extension:minPinLength: true, webauthn:extension:prf: true, webauthn:virtualAuthenticators: true}
Element: [[ChromeDriver: chrome on windows (d18b79f58daf9746f541b88449a55546)] -> xpath: //a[@class='CGtC98']]
Session ID: d18b79f58daf9746f541b88449a55546
at org.openqa.selenium.remote.ErrorCodec.decode(ErrorCodec.java:167)
at org.openqa.selenium.remote.codec.w3c.W3CHttpResponseCodec.decode(W3CHttpResponseCodec.java:138)
at org.openqa.selenium.remote.codec.w3c.W3CHttpResponseCodec.decode(W3CHttpResponseCodec.java:50)
at org.openqa.selenium.remote.HttpCommandExecutor.execute(HttpCommandExecutor.java:190)
at org.openqa.selenium.remote.service.DriverCommandExecutor.invokeExecute(DriverCommandExecutor.java:216)
at org.openqa.selenium.remote.service.DriverCommandExecutor.execute(DriverCommandExecutor.java:174)
at org.openqa.selenium.remote.RemoteWebDriver.execute(RemoteWebDriver.java:518)
at org.openqa.selenium.remote.RemoteWebElement.execute(RemoteWebElement.java:223)
at org.openqa.selenium.remote.RemoteWebElement.isDisplayed(RemoteWebElement.java:282)
at org.openqa.selenium.support.ui.ExpectedConditions$8.apply(ExpectedConditions.java:223)
at org.openqa.selenium.support.ui.ExpectedConditions$8.apply(ExpectedConditions.java:218)
at org.openqa.selenium.support.ui.FluentWait.until(FluentWait.java:203)
at pages.ProductPage.filterByRAM(ProductPage.java:69)
at tests.ProductTest.testFilterByRAM(ProductTest.java:52)
at java.base/java.util.ArrayList.forEach(ArrayList.java:1596)
... Removed 28 stack frames]]>
    </failure>
  </testcase> <!-- testFilterByRAM -->
  <testcase classname="tests.ProductTest" name="testFilterByPrice" time="1.036"/>
  <testcase classname="tests.ProductTest" name="testSortByPriceLowToHigh" time="0.609"/>
  <testcase classname="tests.ProductTest" name="testProductDetails" time="4.724"/>
  <testcase classname="tests.ProductTest" name="testSearchWithoutKeyword" time="0.376"/>
  <testcase classname="tests.CartTest" name="testAddToCart" time="22.83"/>
  <testcase classname="tests.CartTest" name="testModifyQuantity" time="5.648"/>
  <testcase classname="tests.CartTest" name="testRemoveItem" time="1.041"/>
  <testcase classname="tests.CartTest" name="testProceedToBuy" time="13.807"/>
  <testcase classname="tests.CartTest" name="testOrderWithoutAddressPayment" time="2.159"/>
</testsuite> <!-- Flipkart Tests - Chrome -->
