<!DOCTYPE html>

<html>
  <head>
  <meta charset='utf-8'>
  <title>TestNG reports</title>

    <link type="text/css" href="testng-reports1.css" rel="stylesheet" id="ultra" />
    <link type="text/css" href="testng-reports.css" rel="stylesheet" id="retro" disabled="false"/>
    <script type="text/javascript" src="jquery-3.6.0.min.js"></script>
    <script type="text/javascript" src="testng-reports.js"></script>
    <script type="text/javascript" src="https://www.google.com/jsapi"></script>
    <script type='text/javascript'>
      google.load('visualization', '1', {packages:['table']});
      google.setOnLoadCallback(drawTable);
      var suiteTableInitFunctions = new Array();
      var suiteTableData = new Array();
    </script>
    <!--
      <script type="text/javascript" src="jquery-ui/js/jquery-ui-1.8.16.custom.min.js"></script>
     -->
  </head>

  <body>    <div class="top-banner-root">
      <span class="top-banner-title-font">Test results</span>
      <button id="button" class="button">Switch Retro Theme</button> <!-- button -->
      <br/>
      <span class="top-banner-font-1">1 suite, 4 failed tests</span>
    </div> <!-- top-banner-root -->
    <div class="navigator-root">
      <div class="navigator-suite-header">
        <span>All suites</span>
        <a href="#" title="Collapse/expand all the suites" class="collapse-all-link">
          <img src="collapseall.gif" class="collapse-all-icon">
          </img> <!-- collapse-all-icon -->
        </a> <!-- collapse-all-link -->
      </div> <!-- navigator-suite-header -->
      <div class="suite">
        <div class="rounded-window">
          <div class="suite-header light-rounded-window-top">
            <a href="#" panel-name="suite-FlipkartAutomationSuite" class="navigator-link">
              <span class="suite-name border-failed">FlipkartAutomationSuite</span>
            </a> <!-- navigator-link -->
          </div> <!-- suite-header light-rounded-window-top -->
          <div class="navigator-suite-content">
            <div class="suite-section-title">
              <span>Info</span>
            </div> <!-- suite-section-title -->
            <div class="suite-section-content">
              <ul>
                <li>
                  <a href="#" panel-name="test-xml-FlipkartAutomationSuite" class="navigator-link ">
                    <span>C:\Users\nirma\eclipse-workspace\FlipkartAutomationFrameworkTesting\testng.xml</span>
                  </a> <!-- navigator-link  -->
                </li>
                <li>
                  <a href="#" panel-name="testlist-FlipkartAutomationSuite" class="navigator-link ">
                    <span class="test-stats">1 test</span>
                  </a> <!-- navigator-link  -->
                </li>
                <li>
                  <a href="#" panel-name="group-FlipkartAutomationSuite" class="navigator-link ">
                    <span>0 groups</span>
                  </a> <!-- navigator-link  -->
                </li>
                <li>
                  <a href="#" panel-name="times-FlipkartAutomationSuite" class="navigator-link ">
                    <span>Times</span>
                  </a> <!-- navigator-link  -->
                </li>
                <li>
                  <a href="#" panel-name="reporter-FlipkartAutomationSuite" class="navigator-link ">
                    <span>Reporter output</span>
                  </a> <!-- navigator-link  -->
                </li>
                <li>
                  <a href="#" panel-name="ignored-methods-FlipkartAutomationSuite" class="navigator-link ">
                    <span>Ignored methods</span>
                  </a> <!-- navigator-link  -->
                </li>
                <li>
                  <a href="#" panel-name="chronological-FlipkartAutomationSuite" class="navigator-link ">
                    <span>Chronological view</span>
                  </a> <!-- navigator-link  -->
                </li>
              </ul>
            </div> <!-- suite-section-content -->
            <div class="result-section">
              <div class="suite-section-title">
                <span>Results</span>
              </div> <!-- suite-section-title -->
              <div class="suite-section-content">
                <ul>
                  <li>
                    <span class="method-stats">15 methods, 4 failed,   11 passed</span>
                  </li>
                  <li>
                    <span class="method-list-title failed">Failed methods</span>
                    <span class="show-or-hide-methods failed">
                      <a href="#" panel-name="suite-FlipkartAutomationSuite" class="hide-methods failed suite-FlipkartAutomationSuite"> (hide)</a> <!-- hide-methods failed suite-FlipkartAutomationSuite -->
                      <a href="#" panel-name="suite-FlipkartAutomationSuite" class="show-methods failed suite-FlipkartAutomationSuite"> (show)</a> <!-- show-methods failed suite-FlipkartAutomationSuite -->
                    </span>
                    <div class="method-list-content failed suite-FlipkartAutomationSuite">
                      <span>
                        <img src="failed.png" width="3%"/>
                        <a href="#" panel-name="suite-FlipkartAutomationSuite" title="tests.CartTest" class="method navigator-link" hash-for-method="testOrderWithoutAddressPayment">testOrderWithoutAddressPayment</a> <!-- method navigator-link -->
                      </span>
                      <br/>
                      <span>
                        <img src="failed.png" width="3%"/>
                        <a href="#" panel-name="suite-FlipkartAutomationSuite" title="tests.CartTest" class="method navigator-link" hash-for-method="testProceedToBuy">testProceedToBuy</a> <!-- method navigator-link -->
                      </span>
                      <br/>
                      <span>
                        <img src="failed.png" width="3%"/>
                        <a href="#" panel-name="suite-FlipkartAutomationSuite" title="tests.ProductTest" class="method navigator-link" hash-for-method="testSearchProduct">testSearchProduct</a> <!-- method navigator-link -->
                      </span>
                      <br/>
                      <span>
                        <img src="failed.png" width="3%"/>
                        <a href="#" panel-name="suite-FlipkartAutomationSuite" title="tests.LoginTest" class="method navigator-link" hash-for-method="validOtpShouldPass">validOtpShouldPass</a> <!-- method navigator-link -->
                      </span>
                      <br/>
                    </div> <!-- method-list-content failed suite-FlipkartAutomationSuite -->
                  </li>
                  <li>
                    <span class="method-list-title passed">Passed methods</span>
                    <span class="show-or-hide-methods passed">
                      <a href="#" panel-name="suite-FlipkartAutomationSuite" class="hide-methods passed suite-FlipkartAutomationSuite"> (hide)</a> <!-- hide-methods passed suite-FlipkartAutomationSuite -->
                      <a href="#" panel-name="suite-FlipkartAutomationSuite" class="show-methods passed suite-FlipkartAutomationSuite"> (show)</a> <!-- show-methods passed suite-FlipkartAutomationSuite -->
                    </span>
                    <div class="method-list-content passed suite-FlipkartAutomationSuite">
                      <span>
                        <img src="passed.png" width="3%"/>
                        <a href="#" panel-name="suite-FlipkartAutomationSuite" title="tests.LoginTest" class="method navigator-link" hash-for-method="invalidOtpShouldFail">invalidOtpShouldFail</a> <!-- method navigator-link -->
                      </span>
                      <br/>
                      <span>
                        <img src="passed.png" width="3%"/>
                        <a href="#" panel-name="suite-FlipkartAutomationSuite" title="tests.LoginTest" class="method navigator-link" hash-for-method="invalidPhoneShouldFail">invalidPhoneShouldFail</a> <!-- method navigator-link -->
                      </span>
                      <br/>
                      <span>
                        <img src="passed.png" width="3%"/>
                        <a href="#" panel-name="suite-FlipkartAutomationSuite" title="tests.CartTest" class="method navigator-link" hash-for-method="testAddToCart">testAddToCart</a> <!-- method navigator-link -->
                      </span>
                      <br/>
                      <span>
                        <img src="passed.png" width="3%"/>
                        <a href="#" panel-name="suite-FlipkartAutomationSuite" title="tests.ProductTest" class="method navigator-link" hash-for-method="testFilterByBrand">testFilterByBrand</a> <!-- method navigator-link -->
                      </span>
                      <br/>
                      <span>
                        <img src="passed.png" width="3%"/>
                        <a href="#" panel-name="suite-FlipkartAutomationSuite" title="tests.ProductTest" class="method navigator-link" hash-for-method="testFilterByPrice">testFilterByPrice</a> <!-- method navigator-link -->
                      </span>
                      <br/>
                      <span>
                        <img src="passed.png" width="3%"/>
                        <a href="#" panel-name="suite-FlipkartAutomationSuite" title="tests.ProductTest" class="method navigator-link" hash-for-method="testFilterByRAM">testFilterByRAM</a> <!-- method navigator-link -->
                      </span>
                      <br/>
                      <span>
                        <img src="passed.png" width="3%"/>
                        <a href="#" panel-name="suite-FlipkartAutomationSuite" title="tests.CartTest" class="method navigator-link" hash-for-method="testModifyQuantity">testModifyQuantity</a> <!-- method navigator-link -->
                      </span>
                      <br/>
                      <span>
                        <img src="passed.png" width="3%"/>
                        <a href="#" panel-name="suite-FlipkartAutomationSuite" title="tests.ProductTest" class="method navigator-link" hash-for-method="testProductDetails">testProductDetails</a> <!-- method navigator-link -->
                      </span>
                      <br/>
                      <span>
                        <img src="passed.png" width="3%"/>
                        <a href="#" panel-name="suite-FlipkartAutomationSuite" title="tests.CartTest" class="method navigator-link" hash-for-method="testRemoveItem">testRemoveItem</a> <!-- method navigator-link -->
                      </span>
                      <br/>
                      <span>
                        <img src="passed.png" width="3%"/>
                        <a href="#" panel-name="suite-FlipkartAutomationSuite" title="tests.ProductTest" class="method navigator-link" hash-for-method="testSearchWithoutKeyword">testSearchWithoutKeyword</a> <!-- method navigator-link -->
                      </span>
                      <br/>
                      <span>
                        <img src="passed.png" width="3%"/>
                        <a href="#" panel-name="suite-FlipkartAutomationSuite" title="tests.ProductTest" class="method navigator-link" hash-for-method="testSortByPriceLowToHigh">testSortByPriceLowToHigh</a> <!-- method navigator-link -->
                      </span>
                      <br/>
                    </div> <!-- method-list-content passed suite-FlipkartAutomationSuite -->
                  </li>
                </ul>
              </div> <!-- suite-section-content -->
            </div> <!-- result-section -->
          </div> <!-- navigator-suite-content -->
        </div> <!-- rounded-window -->
      </div> <!-- suite -->
    </div> <!-- navigator-root -->
    <div class="wrapper">
      <div class="main-panel-root">
        <div panel-name="suite-FlipkartAutomationSuite" class="panel FlipkartAutomationSuite">
          <div class="suite-FlipkartAutomationSuite-class-failed">
            <div class="main-panel-header rounded-window-top">
              <img src="failed.png"/>
              <span class="class-name">tests.ProductTest</span>
            </div> <!-- main-panel-header rounded-window-top -->
            <div class="main-panel-content rounded-window-bottom">
              <div class="method">
                <div class="method-content">
                  <a name="testSearchProduct">
                  </a> <!-- testSearchProduct -->
                  <span class="method-name">testSearchProduct</span>
                  <div class="stack-trace">org.openqa.selenium.TimeoutException: timeout: Timed out receiving message from renderer: 10.000
  (Session info: chrome=139.0.7258.139)
Build info: version: &apos;4.34.0&apos;, revision: &apos;707dcb4246*&apos;
System info: os.name: &apos;Windows 11&apos;, os.arch: &apos;amd64&apos;, os.version: &apos;10.0&apos;, java.version: &apos;21.0.6&apos;
Driver info: org.openqa.selenium.chrome.ChromeDriver
Command: [9763aabff6204654006b4f8e76628f29, clickElement {id=f.5DB78CB6ABD65BFADA7926BAFD7699D1.d.EC51E8133139C0E83AC6D37827E3716E.e.121}]
Capabilities {acceptInsecureCerts: true, browserName: chrome, browserVersion: 139.0.7258.139, chrome: {chromedriverVersion: 139.0.7258.154 (9e0d6b2b47f..., userDataDir: C:\Users\nirma\AppData\Loca...}, fedcm:accounts: true, goog:chromeOptions: {debuggerAddress: localhost:49737}, networkConnectionEnabled: false, pageLoadStrategy: normal, platformName: windows, proxy: Proxy(), se:cdp: ws://localhost:49737/devtoo..., se:cdpVersion: 139.0.7258.139, setWindowRect: true, strictFileInteractability: false, timeouts: {implicit: 0, pageLoad: 300000, script: 30000}, unhandledPromptBehavior: dismiss and notify, webauthn:extension:credBlob: true, webauthn:extension:largeBlob: true, webauthn:extension:minPinLength: true, webauthn:extension:prf: true, webauthn:virtualAuthenticators: true}
Element: [[ChromeDriver: chrome on windows (9763aabff6204654006b4f8e76628f29)] -&gt; xpath: //button[@type=&apos;submit&apos;]]
Session ID: 9763aabff6204654006b4f8e76628f29
	at org.openqa.selenium.remote.ErrorCodec.decode(ErrorCodec.java:167)
	at org.openqa.selenium.remote.codec.w3c.W3CHttpResponseCodec.decode(W3CHttpResponseCodec.java:138)
	at org.openqa.selenium.remote.codec.w3c.W3CHttpResponseCodec.decode(W3CHttpResponseCodec.java:50)
	at org.openqa.selenium.remote.HttpCommandExecutor.execute(HttpCommandExecutor.java:215)
	at org.openqa.selenium.remote.service.DriverCommandExecutor.invokeExecute(DriverCommandExecutor.java:216)
	at org.openqa.selenium.remote.service.DriverCommandExecutor.execute(DriverCommandExecutor.java:174)
	at org.openqa.selenium.remote.RemoteWebDriver.execute(RemoteWebDriver.java:544)
	at org.openqa.selenium.remote.RemoteWebElement.execute(RemoteWebElement.java:223)
	at org.openqa.selenium.remote.RemoteWebElement.click(RemoteWebElement.java:76)
	at org.openqa.selenium.support.pagefactory.internal.LocatingElementHandler.invoke(LocatingElementHandler.java:51)
	at jdk.proxy2/jdk.proxy2.$Proxy17.click(Unknown Source)
	at pages.ProductPage.searchProduct(ProductPage.java:45)
	at tests.ProductTest.testSearchProduct(ProductTest.java:38)
	at java.base/java.util.ArrayList.forEach(ArrayList.java:1596)
... Removed 30 stack frames
</div> <!-- stack-trace -->
                  <em>
(Search for mobile phone)                  </em>
                </div> <!-- method-content -->
              </div> <!-- method -->
            </div> <!-- main-panel-content rounded-window-bottom -->
          </div> <!-- suite-FlipkartAutomationSuite-class-failed -->
          <div class="suite-FlipkartAutomationSuite-class-failed">
            <div class="main-panel-header rounded-window-top">
              <img src="failed.png"/>
              <span class="class-name">tests.CartTest</span>
            </div> <!-- main-panel-header rounded-window-top -->
            <div class="main-panel-content rounded-window-bottom">
              <div class="method">
                <div class="method-content">
                  <a name="testOrderWithoutAddressPayment">
                  </a> <!-- testOrderWithoutAddressPayment -->
                  <span class="method-name">testOrderWithoutAddressPayment</span>
                  <div class="stack-trace">org.openqa.selenium.NoSuchElementException: no such element: Unable to locate element: {&quot;method&quot;:&quot;xpath&quot;,&quot;selector&quot;:&quot;//button[text()=&apos;Save and Deliver Here&apos;]&quot;}
  (Session info: chrome=139.0.7258.139)
For documentation on this error, please visit: https://www.selenium.dev/documentation/webdriver/troubleshooting/errors#no-such-element-exception
Build info: version: &apos;4.34.0&apos;, revision: &apos;707dcb4246*&apos;
System info: os.name: &apos;Windows 11&apos;, os.arch: &apos;amd64&apos;, os.version: &apos;10.0&apos;, java.version: &apos;21.0.6&apos;
Driver info: org.openqa.selenium.chrome.ChromeDriver
Command: [382c64a8a8c9e4a380988c9e9257a14c, findElement {using=xpath, value=//button[text()=&apos;Save and Deliver Here&apos;]}]
Capabilities {acceptInsecureCerts: true, browserName: chrome, browserVersion: 139.0.7258.139, chrome: {chromedriverVersion: 139.0.7258.154 (9e0d6b2b47f..., userDataDir: C:\Users\nirma\AppData\Loca...}, fedcm:accounts: true, goog:chromeOptions: {debuggerAddress: localhost:63763}, networkConnectionEnabled: false, pageLoadStrategy: normal, platformName: windows, proxy: Proxy(), se:cdp: ws://localhost:63763/devtoo..., se:cdpVersion: 139.0.7258.139, setWindowRect: true, strictFileInteractability: false, timeouts: {implicit: 0, pageLoad: 300000, script: 30000}, unhandledPromptBehavior: dismiss and notify, webauthn:extension:credBlob: true, webauthn:extension:largeBlob: true, webauthn:extension:minPinLength: true, webauthn:extension:prf: true, webauthn:virtualAuthenticators: true}
Session ID: 382c64a8a8c9e4a380988c9e9257a14c
	at org.openqa.selenium.remote.ErrorCodec.decode(ErrorCodec.java:167)
	at org.openqa.selenium.remote.codec.w3c.W3CHttpResponseCodec.decode(W3CHttpResponseCodec.java:138)
	at org.openqa.selenium.remote.codec.w3c.W3CHttpResponseCodec.decode(W3CHttpResponseCodec.java:50)
	at org.openqa.selenium.remote.HttpCommandExecutor.execute(HttpCommandExecutor.java:215)
	at org.openqa.selenium.remote.service.DriverCommandExecutor.invokeExecute(DriverCommandExecutor.java:216)
	at org.openqa.selenium.remote.service.DriverCommandExecutor.execute(DriverCommandExecutor.java:174)
	at org.openqa.selenium.remote.RemoteWebDriver.execute(RemoteWebDriver.java:544)
	at org.openqa.selenium.remote.ElementLocation$ElementFinder$2.findElement(ElementLocation.java:165)
	at org.openqa.selenium.remote.ElementLocation.findElement(ElementLocation.java:59)
	at org.openqa.selenium.remote.RemoteWebDriver.findElement(RemoteWebDriver.java:367)
	at org.openqa.selenium.remote.RemoteWebDriver.findElement(RemoteWebDriver.java:361)
	at pages.CartPage.clickSaveAndDeliverHere(CartPage.java:137)
	at tests.CartTest.testOrderWithoutAddressPayment(CartTest.java:88)
	at java.base/java.util.ArrayList.forEach(ArrayList.java:1596)
... Removed 28 stack frames
</div> <!-- stack-trace -->
                  <em>
(Try placing order without address or payment)                  </em>
                </div> <!-- method-content -->
              </div> <!-- method -->
              <div class="method">
                <div class="method-content">
                  <a name="testProceedToBuy">
                  </a> <!-- testProceedToBuy -->
                  <span class="method-name">testProceedToBuy</span>
                  <div class="stack-trace">org.openqa.selenium.StaleElementReferenceException: stale element reference: stale element not found in the current frame
  (Session info: chrome=139.0.7258.139)
For documentation on this error, please visit: https://www.selenium.dev/documentation/webdriver/troubleshooting/errors#stale-element-reference-exception
Build info: version: &apos;4.34.0&apos;, revision: &apos;707dcb4246*&apos;
System info: os.name: &apos;Windows 11&apos;, os.arch: &apos;amd64&apos;, os.version: &apos;10.0&apos;, java.version: &apos;21.0.6&apos;
Driver info: org.openqa.selenium.chrome.ChromeDriver
Command: [382c64a8a8c9e4a380988c9e9257a14c, isElementDisplayed {id=f.D61EFFC7872710F311720B935C74DBF3.d.EA52830C717086F91F76226A495B8C76.e.120}]
Capabilities {acceptInsecureCerts: true, browserName: chrome, browserVersion: 139.0.7258.139, chrome: {chromedriverVersion: 139.0.7258.154 (9e0d6b2b47f..., userDataDir: C:\Users\nirma\AppData\Loca...}, fedcm:accounts: true, goog:chromeOptions: {debuggerAddress: localhost:63763}, networkConnectionEnabled: false, pageLoadStrategy: normal, platformName: windows, proxy: Proxy(), se:cdp: ws://localhost:63763/devtoo..., se:cdpVersion: 139.0.7258.139, setWindowRect: true, strictFileInteractability: false, timeouts: {implicit: 0, pageLoad: 300000, script: 30000}, unhandledPromptBehavior: dismiss and notify, webauthn:extension:credBlob: true, webauthn:extension:largeBlob: true, webauthn:extension:minPinLength: true, webauthn:extension:prf: true, webauthn:virtualAuthenticators: true}
Element: [[ChromeDriver: chrome on windows (382c64a8a8c9e4a380988c9e9257a14c)] -&gt; xpath: //span[text()=&apos;Login&apos;] | //span[text()=&apos;Delivery Address&apos;]]
Session ID: 382c64a8a8c9e4a380988c9e9257a14c
	at org.openqa.selenium.remote.ErrorCodec.decode(ErrorCodec.java:167)
	at org.openqa.selenium.remote.codec.w3c.W3CHttpResponseCodec.decode(W3CHttpResponseCodec.java:138)
	at org.openqa.selenium.remote.codec.w3c.W3CHttpResponseCodec.decode(W3CHttpResponseCodec.java:50)
	at org.openqa.selenium.remote.HttpCommandExecutor.execute(HttpCommandExecutor.java:215)
	at org.openqa.selenium.remote.service.DriverCommandExecutor.invokeExecute(DriverCommandExecutor.java:216)
	at org.openqa.selenium.remote.service.DriverCommandExecutor.execute(DriverCommandExecutor.java:174)
	at org.openqa.selenium.remote.RemoteWebDriver.execute(RemoteWebDriver.java:544)
	at org.openqa.selenium.remote.RemoteWebElement.execute(RemoteWebElement.java:223)
	at org.openqa.selenium.remote.RemoteWebElement.isDisplayed(RemoteWebElement.java:282)
	at org.openqa.selenium.support.pagefactory.internal.LocatingElementHandler.invoke(LocatingElementHandler.java:51)
	at jdk.proxy2/jdk.proxy2.$Proxy17.isDisplayed(Unknown Source)
	at org.openqa.selenium.support.ui.ExpectedConditions.elementIfVisible(ExpectedConditions.java:304)
	at org.openqa.selenium.support.ui.ExpectedConditions$10.apply(ExpectedConditions.java:290)
	at org.openqa.selenium.support.ui.ExpectedConditions$10.apply(ExpectedConditions.java:287)
	at org.openqa.selenium.support.ui.FluentWait.until(FluentWait.java:203)
	at pages.CartPage.isAddressPageLoaded(CartPage.java:125)
	at tests.CartTest.testProceedToBuy(CartTest.java:81)
	at java.base/java.util.ArrayList.forEach(ArrayList.java:1596)
... Removed 30 stack frames
</div> <!-- stack-trace -->
                  <em>
(Proceed to buy and check address/payment steps)                  </em>
                </div> <!-- method-content -->
              </div> <!-- method -->
            </div> <!-- main-panel-content rounded-window-bottom -->
          </div> <!-- suite-FlipkartAutomationSuite-class-failed -->
          <div class="suite-FlipkartAutomationSuite-class-failed">
            <div class="main-panel-header rounded-window-top">
              <img src="failed.png"/>
              <span class="class-name">tests.LoginTest</span>
            </div> <!-- main-panel-header rounded-window-top -->
            <div class="main-panel-content rounded-window-bottom">
              <div class="method">
                <div class="method-content">
                  <a name="validOtpShouldPass">
                  </a> <!-- validOtpShouldPass -->
                  <span class="method-name">validOtpShouldPass</span>
                  <div class="stack-trace">org.openqa.selenium.NoSuchElementException: no such element: Unable to locate element: {&quot;method&quot;:&quot;xpath&quot;,&quot;selector&quot;:&quot;//button[contains(text(),&apos;Request OTP&apos;)]&quot;}
  (Session info: chrome=139.0.7258.139)
For documentation on this error, please visit: https://www.selenium.dev/documentation/webdriver/troubleshooting/errors#no-such-element-exception
Build info: version: &apos;4.34.0&apos;, revision: &apos;707dcb4246*&apos;
System info: os.name: &apos;Windows 11&apos;, os.arch: &apos;amd64&apos;, os.version: &apos;10.0&apos;, java.version: &apos;21.0.6&apos;
Driver info: org.openqa.selenium.chrome.ChromeDriver
Command: [c6dc090f68759c98b584d757739db0e2, findElement {using=xpath, value=//button[contains(text(),&apos;Request OTP&apos;)]}]
Capabilities {acceptInsecureCerts: true, browserName: chrome, browserVersion: 139.0.7258.139, chrome: {chromedriverVersion: 139.0.7258.154 (9e0d6b2b47f..., userDataDir: C:\Users\nirma\AppData\Loca...}, fedcm:accounts: true, goog:chromeOptions: {debuggerAddress: localhost:52122}, networkConnectionEnabled: false, pageLoadStrategy: normal, platformName: windows, proxy: Proxy(), se:cdp: ws://localhost:52122/devtoo..., se:cdpVersion: 139.0.7258.139, setWindowRect: true, strictFileInteractability: false, timeouts: {implicit: 0, pageLoad: 300000, script: 30000}, unhandledPromptBehavior: dismiss and notify, webauthn:extension:credBlob: true, webauthn:extension:largeBlob: true, webauthn:extension:minPinLength: true, webauthn:extension:prf: true, webauthn:virtualAuthenticators: true}
Session ID: c6dc090f68759c98b584d757739db0e2
	at org.openqa.selenium.remote.ErrorCodec.decode(ErrorCodec.java:167)
	at org.openqa.selenium.remote.codec.w3c.W3CHttpResponseCodec.decode(W3CHttpResponseCodec.java:138)
	at org.openqa.selenium.remote.codec.w3c.W3CHttpResponseCodec.decode(W3CHttpResponseCodec.java:50)
	at org.openqa.selenium.remote.HttpCommandExecutor.execute(HttpCommandExecutor.java:215)
	at org.openqa.selenium.remote.service.DriverCommandExecutor.invokeExecute(DriverCommandExecutor.java:216)
	at org.openqa.selenium.remote.service.DriverCommandExecutor.execute(DriverCommandExecutor.java:174)
	at org.openqa.selenium.remote.RemoteWebDriver.execute(RemoteWebDriver.java:544)
	at org.openqa.selenium.remote.ElementLocation$ElementFinder$2.findElement(ElementLocation.java:165)
	at org.openqa.selenium.remote.ElementLocation.findElement(ElementLocation.java:59)
	at org.openqa.selenium.remote.RemoteWebDriver.findElement(RemoteWebDriver.java:367)
	at org.openqa.selenium.remote.RemoteWebDriver.findElement(RemoteWebDriver.java:361)
	at org.openqa.selenium.support.pagefactory.DefaultElementLocator.findElement(DefaultElementLocator.java:68)
	at org.openqa.selenium.support.pagefactory.internal.LocatingElementHandler.invoke(LocatingElementHandler.java:38)
	at jdk.proxy2/jdk.proxy2.$Proxy17.click(Unknown Source)
	at pages.LoginPage.loginWithOtp(LoginPage.java:85)
	at tests.LoginTest.validOtpShouldPass(LoginTest.java:56)
	at java.base/java.util.ArrayList.forEach(ArrayList.java:1596)
... Removed 28 stack frames
</div> <!-- stack-trace -->
                  <em>
(Should pass if OTP is valid)                  </em>
                </div> <!-- method-content -->
              </div> <!-- method -->
            </div> <!-- main-panel-content rounded-window-bottom -->
          </div> <!-- suite-FlipkartAutomationSuite-class-failed -->
          <div class="suite-FlipkartAutomationSuite-class-passed">
            <div class="main-panel-header rounded-window-top">
              <img src="passed.png"/>
              <span class="class-name">tests.ProductTest</span>
            </div> <!-- main-panel-header rounded-window-top -->
            <div class="main-panel-content rounded-window-bottom">
              <div class="method">
                <div class="method-content">
                  <a name="testFilterByBrand">
                  </a> <!-- testFilterByBrand -->
                  <span class="method-name">testFilterByBrand</span>
                  <em>
(Apply brand filter)                  </em>
                </div> <!-- method-content -->
              </div> <!-- method -->
              <div class="method">
                <div class="method-content">
                  <a name="testFilterByPrice">
                  </a> <!-- testFilterByPrice -->
                  <span class="method-name">testFilterByPrice</span>
                  <em>
(Apply price range filter)                  </em>
                </div> <!-- method-content -->
              </div> <!-- method -->
              <div class="method">
                <div class="method-content">
                  <a name="testFilterByRAM">
                  </a> <!-- testFilterByRAM -->
                  <span class="method-name">testFilterByRAM</span>
                  <em>
(Apply RAM filter)                  </em>
                </div> <!-- method-content -->
              </div> <!-- method -->
              <div class="method">
                <div class="method-content">
                  <a name="testProductDetails">
                  </a> <!-- testProductDetails -->
                  <span class="method-name">testProductDetails</span>
                  <em>
(Open product details page and check specifications)                  </em>
                </div> <!-- method-content -->
              </div> <!-- method -->
              <div class="method">
                <div class="method-content">
                  <a name="testSearchWithoutKeyword">
                  </a> <!-- testSearchWithoutKeyword -->
                  <span class="method-name">testSearchWithoutKeyword</span>
                  <em>
(Search without keyword)                  </em>
                </div> <!-- method-content -->
              </div> <!-- method -->
              <div class="method">
                <div class="method-content">
                  <a name="testSortByPriceLowToHigh">
                  </a> <!-- testSortByPriceLowToHigh -->
                  <span class="method-name">testSortByPriceLowToHigh</span>
                  <em>
(Sort results by price low to high)                  </em>
                </div> <!-- method-content -->
              </div> <!-- method -->
            </div> <!-- main-panel-content rounded-window-bottom -->
          </div> <!-- suite-FlipkartAutomationSuite-class-passed -->
          <div class="suite-FlipkartAutomationSuite-class-passed">
            <div class="main-panel-header rounded-window-top">
              <img src="passed.png"/>
              <span class="class-name">tests.CartTest</span>
            </div> <!-- main-panel-header rounded-window-top -->
            <div class="main-panel-content rounded-window-bottom">
              <div class="method">
                <div class="method-content">
                  <a name="testAddToCart">
                  </a> <!-- testAddToCart -->
                  <span class="method-name">testAddToCart</span>
                  <em>
(Add product to cart from details page)                  </em>
                </div> <!-- method-content -->
              </div> <!-- method -->
              <div class="method">
                <div class="method-content">
                  <a name="testModifyQuantity">
                  </a> <!-- testModifyQuantity -->
                  <span class="method-name">testModifyQuantity</span>
                  <em>
(Modify quantity in cart and verify price update)                  </em>
                </div> <!-- method-content -->
              </div> <!-- method -->
              <div class="method">
                <div class="method-content">
                  <a name="testRemoveItem">
                  </a> <!-- testRemoveItem -->
                  <span class="method-name">testRemoveItem</span>
                  <em>
(Remove item from cart and confirm removal)                  </em>
                </div> <!-- method-content -->
              </div> <!-- method -->
            </div> <!-- main-panel-content rounded-window-bottom -->
          </div> <!-- suite-FlipkartAutomationSuite-class-passed -->
          <div class="suite-FlipkartAutomationSuite-class-passed">
            <div class="main-panel-header rounded-window-top">
              <img src="passed.png"/>
              <span class="class-name">tests.LoginTest</span>
            </div> <!-- main-panel-header rounded-window-top -->
            <div class="main-panel-content rounded-window-bottom">
              <div class="method">
                <div class="method-content">
                  <a name="invalidOtpShouldFail">
                  </a> <!-- invalidOtpShouldFail -->
                  <span class="method-name">invalidOtpShouldFail</span>
                  <em>
(Should fail if OTP entered is invalid)                  </em>
                </div> <!-- method-content -->
              </div> <!-- method -->
              <div class="method">
                <div class="method-content">
                  <a name="invalidPhoneShouldFail">
                  </a> <!-- invalidPhoneShouldFail -->
                  <span class="method-name">invalidPhoneShouldFail</span>
                  <em>
(Should fail if phone number is invalid)                  </em>
                </div> <!-- method-content -->
              </div> <!-- method -->
            </div> <!-- main-panel-content rounded-window-bottom -->
          </div> <!-- suite-FlipkartAutomationSuite-class-passed -->
        </div> <!-- panel FlipkartAutomationSuite -->
        <div panel-name="test-xml-FlipkartAutomationSuite" class="panel">
          <div class="main-panel-header rounded-window-top">
            <span class="header-content">C:\Users\nirma\eclipse-workspace\FlipkartAutomationFrameworkTesting\testng.xml</span>
          </div> <!-- main-panel-header rounded-window-top -->
          <div class="main-panel-content rounded-window-bottom">
            <pre>
&lt;?xml version=&quot;1.0&quot; encoding=&quot;UTF-8&quot;?&gt;
&lt;!DOCTYPE suite SYSTEM &quot;https://testng.org/testng-1.0.dtd&quot;&gt;
&lt;suite name=&quot;FlipkartAutomationSuite&quot; guice-stage=&quot;DEVELOPMENT&quot;&gt;
  &lt;listeners&gt;
    &lt;listener class-name=&quot;reporting.ExtentTestListener&quot;/&gt;
  &lt;/listeners&gt;
  &lt;test thread-count=&quot;5&quot; name=&quot;Flipkart Tests - Chrome&quot;&gt;
    &lt;parameter name=&quot;browser&quot; value=&quot;chrome&quot;/&gt;
    &lt;classes&gt;
      &lt;class name=&quot;tests.LoginTest&quot;/&gt;
      &lt;class name=&quot;tests.ProductTest&quot;/&gt;
      &lt;class name=&quot;tests.CartTest&quot;/&gt;
    &lt;/classes&gt;
  &lt;/test&gt; &lt;!-- Flipkart Tests - Chrome --&gt;
&lt;/suite&gt; &lt;!-- FlipkartAutomationSuite --&gt;
            </pre>
          </div> <!-- main-panel-content rounded-window-bottom -->
        </div> <!-- panel -->
        <div panel-name="testlist-FlipkartAutomationSuite" class="panel">
          <div class="main-panel-header rounded-window-top">
            <span class="header-content">Tests for FlipkartAutomationSuite</span>
          </div> <!-- main-panel-header rounded-window-top -->
          <div class="main-panel-content rounded-window-bottom">
            <ul>
              <li>
                <span class="test-name">Flipkart Tests - Chrome (3 classes)</span>
              </li>
            </ul>
          </div> <!-- main-panel-content rounded-window-bottom -->
        </div> <!-- panel -->
        <div panel-name="group-FlipkartAutomationSuite" class="panel">
          <div class="main-panel-header rounded-window-top">
            <span class="header-content">Groups for FlipkartAutomationSuite</span>
          </div> <!-- main-panel-header rounded-window-top -->
          <div class="main-panel-content rounded-window-bottom">
          </div> <!-- main-panel-content rounded-window-bottom -->
        </div> <!-- panel -->
        <div panel-name="times-FlipkartAutomationSuite" class="panel">
          <div class="main-panel-header rounded-window-top">
            <span class="header-content">Times for FlipkartAutomationSuite</span>
          </div> <!-- main-panel-header rounded-window-top -->
          <div class="main-panel-content rounded-window-bottom">
            <div class="times-div">
              <script type="text/javascript">
suiteTableInitFunctions.push('tableData_FlipkartAutomationSuite');
function tableData_FlipkartAutomationSuite() {
var data = new google.visualization.DataTable();
data.addColumn('number', 'Number');
data.addColumn('string', 'Method');
data.addColumn('string', 'Class');
data.addColumn('number', 'Time (ms)');
data.addRows(15);
data.setCell(0, 0, 0)
data.setCell(0, 1, 'invalidOtpShouldFail')
data.setCell(0, 2, 'tests.LoginTest')
data.setCell(0, 3, 40790);
data.setCell(1, 0, 1)
data.setCell(1, 1, 'testProceedToBuy')
data.setCell(1, 2, 'tests.CartTest')
data.setCell(1, 3, 28339);
data.setCell(2, 0, 2)
data.setCell(2, 1, 'testOrderWithoutAddressPayment')
data.setCell(2, 2, 'tests.CartTest')
data.setCell(2, 3, 17281);
data.setCell(3, 0, 3)
data.setCell(3, 1, 'testAddToCart')
data.setCell(3, 2, 'tests.CartTest')
data.setCell(3, 3, 15678);
data.setCell(4, 0, 4)
data.setCell(4, 1, 'invalidPhoneShouldFail')
data.setCell(4, 2, 'tests.LoginTest')
data.setCell(4, 3, 12240);
data.setCell(5, 0, 5)
data.setCell(5, 1, 'testModifyQuantity')
data.setCell(5, 2, 'tests.CartTest')
data.setCell(5, 3, 12004);
data.setCell(6, 0, 6)
data.setCell(6, 1, 'testSearchProduct')
data.setCell(6, 2, 'tests.ProductTest')
data.setCell(6, 3, 10333);
data.setCell(7, 0, 7)
data.setCell(7, 1, 'validOtpShouldPass')
data.setCell(7, 2, 'tests.LoginTest')
data.setCell(7, 3, 10267);
data.setCell(8, 0, 8)
data.setCell(8, 1, 'testRemoveItem')
data.setCell(8, 2, 'tests.CartTest')
data.setCell(8, 3, 5273);
data.setCell(9, 0, 9)
data.setCell(9, 1, 'testProductDetails')
data.setCell(9, 2, 'tests.ProductTest')
data.setCell(9, 3, 4156);
data.setCell(10, 0, 10)
data.setCell(10, 1, 'testFilterByBrand')
data.setCell(10, 2, 'tests.ProductTest')
data.setCell(10, 3, 521);
data.setCell(11, 0, 11)
data.setCell(11, 1, 'testFilterByRAM')
data.setCell(11, 2, 'tests.ProductTest')
data.setCell(11, 3, 451);
data.setCell(12, 0, 12)
data.setCell(12, 1, 'testFilterByPrice')
data.setCell(12, 2, 'tests.ProductTest')
data.setCell(12, 3, 351);
data.setCell(13, 0, 13)
data.setCell(13, 1, 'testSortByPriceLowToHigh')
data.setCell(13, 2, 'tests.ProductTest')
data.setCell(13, 3, 298);
data.setCell(14, 0, 14)
data.setCell(14, 1, 'testSearchWithoutKeyword')
data.setCell(14, 2, 'tests.ProductTest')
data.setCell(14, 3, 151);
window.suiteTableData['FlipkartAutomationSuite']= { tableData: data, tableDiv: 'times-div-FlipkartAutomationSuite'}
return data;
}
              </script>
              <span class="suite-total-time">Total running time: 2 minutes</span>
              <div id="times-div-FlipkartAutomationSuite">
              </div> <!-- times-div-FlipkartAutomationSuite -->
            </div> <!-- times-div -->
          </div> <!-- main-panel-content rounded-window-bottom -->
        </div> <!-- panel -->
        <div panel-name="reporter-FlipkartAutomationSuite" class="panel">
          <div class="main-panel-header rounded-window-top">
            <span class="header-content">Reporter output for FlipkartAutomationSuite</span>
          </div> <!-- main-panel-header rounded-window-top -->
          <div class="main-panel-content rounded-window-bottom">
          </div> <!-- main-panel-content rounded-window-bottom -->
        </div> <!-- panel -->
        <div panel-name="ignored-methods-FlipkartAutomationSuite" class="panel">
          <div class="main-panel-header rounded-window-top">
            <span class="header-content">0 ignored methods</span>
          </div> <!-- main-panel-header rounded-window-top -->
          <div class="main-panel-content rounded-window-bottom">
          </div> <!-- main-panel-content rounded-window-bottom -->
        </div> <!-- panel -->
        <div panel-name="chronological-FlipkartAutomationSuite" class="panel">
          <div class="main-panel-header rounded-window-top">
            <span class="header-content">Methods in chronological order</span>
          </div> <!-- main-panel-header rounded-window-top -->
          <div class="main-panel-content rounded-window-bottom">
            <div class="chronological-class">
              <div class="chronological-class-name">tests.LoginTest</div> <!-- chronological-class-name -->
              <div class="configuration-class before">
                <span class="method-name">setUp(chrome)</span>
                <span class="method-start">0 ms</span>
              </div> <!-- configuration-class before -->
              <div class="configuration-method before">
                <span class="method-name">resetState</span>
                <span class="method-start">6050 ms</span>
              </div> <!-- configuration-method before -->
              <div class="test-method">
                <span class="method-name">invalidPhoneShouldFail</span>
                <span class="method-start">21150 ms</span>
              </div> <!-- test-method -->
              <div class="configuration-method before">
                <span class="method-name">resetState</span>
                <span class="method-start">33400 ms</span>
              </div> <!-- configuration-method before -->
              <div class="test-method">
                <span class="method-name">invalidOtpShouldFail</span>
                <span class="method-start">48449 ms</span>
              </div> <!-- test-method -->
              <div class="configuration-method before">
                <span class="method-name">resetState</span>
                <span class="method-start">89244 ms</span>
              </div> <!-- configuration-method before -->
              <div class="test-method">
                <img src="failed.png">
                </img>
                <span class="method-name">validOtpShouldPass</span>
                <span class="method-start">104264 ms</span>
              </div> <!-- test-method -->
              <div class="configuration-class after">
                <span class="method-name">tearDown</span>
                <span class="method-start">114535 ms</span>
              </div> <!-- configuration-class after -->
            </div> <!-- chronological-class -->
            <div class="chronological-class">
              <div class="chronological-class-name">tests.ProductTest</div> <!-- chronological-class-name -->
              <div class="configuration-class before">
                <span class="method-name">setUp(chrome)</span>
                <span class="method-start">114769 ms</span>
              </div> <!-- configuration-class before -->
              <div class="test-method">
                <img src="failed.png">
                </img>
                <span class="method-name">testSearchProduct</span>
                <span class="method-start">122463 ms</span>
              </div> <!-- test-method -->
              <div class="configuration-method after">
                <span class="method-name">waitAfterEachTest</span>
                <span class="method-start">132800 ms</span>
              </div> <!-- configuration-method after -->
              <div class="test-method">
                <span class="method-name">testFilterByBrand</span>
                <span class="method-start">139811 ms</span>
              </div> <!-- test-method -->
              <div class="configuration-method after">
                <span class="method-name">waitAfterEachTest</span>
                <span class="method-start">140344 ms</span>
              </div> <!-- configuration-method after -->
              <div class="test-method">
                <span class="method-name">testFilterByRAM</span>
                <span class="method-start">147356 ms</span>
              </div> <!-- test-method -->
              <div class="configuration-method after">
                <span class="method-name">waitAfterEachTest</span>
                <span class="method-start">147808 ms</span>
              </div> <!-- configuration-method after -->
              <div class="test-method">
                <span class="method-name">testFilterByPrice</span>
                <span class="method-start">154819 ms</span>
              </div> <!-- test-method -->
              <div class="configuration-method after">
                <span class="method-name">waitAfterEachTest</span>
                <span class="method-start">155171 ms</span>
              </div> <!-- configuration-method after -->
              <div class="test-method">
                <span class="method-name">testSortByPriceLowToHigh</span>
                <span class="method-start">162177 ms</span>
              </div> <!-- test-method -->
              <div class="configuration-method after">
                <span class="method-name">waitAfterEachTest</span>
                <span class="method-start">162476 ms</span>
              </div> <!-- configuration-method after -->
              <div class="test-method">
                <span class="method-name">testProductDetails</span>
                <span class="method-start">169490 ms</span>
              </div> <!-- test-method -->
              <div class="configuration-method after">
                <span class="method-name">waitAfterEachTest</span>
                <span class="method-start">173647 ms</span>
              </div> <!-- configuration-method after -->
              <div class="test-method">
                <span class="method-name">testSearchWithoutKeyword</span>
                <span class="method-start">180653 ms</span>
              </div> <!-- test-method -->
              <div class="configuration-method after">
                <span class="method-name">waitAfterEachTest</span>
                <span class="method-start">180806 ms</span>
              </div> <!-- configuration-method after -->
              <div class="configuration-class after">
                <span class="method-name">tearDown</span>
                <span class="method-start">187807 ms</span>
              </div> <!-- configuration-class after -->
            </div> <!-- chronological-class -->
            <div class="chronological-class">
              <div class="chronological-class-name">tests.CartTest</div> <!-- chronological-class-name -->
              <div class="configuration-class before">
                <span class="method-name">setUp(chrome)</span>
                <span class="method-start">188025 ms</span>
              </div> <!-- configuration-class before -->
              <div class="test-method">
                <span class="method-name">testAddToCart</span>
                <span class="method-start">194467 ms</span>
              </div> <!-- test-method -->
              <div class="test-method">
                <span class="method-name">testModifyQuantity</span>
                <span class="method-start">210147 ms</span>
              </div> <!-- test-method -->
              <div class="test-method">
                <span class="method-name">testRemoveItem</span>
                <span class="method-start">222153 ms</span>
              </div> <!-- test-method -->
              <div class="test-method">
                <img src="failed.png">
                </img>
                <span class="method-name">testProceedToBuy</span>
                <span class="method-start">227429 ms</span>
              </div> <!-- test-method -->
              <div class="test-method">
                <img src="failed.png">
                </img>
                <span class="method-name">testOrderWithoutAddressPayment</span>
                <span class="method-start">255771 ms</span>
              </div> <!-- test-method -->
              <div class="configuration-class after">
                <span class="method-name">tearDown</span>
                <span class="method-start">273053 ms</span>
              </div> <!-- configuration-class after -->
          </div> <!-- main-panel-content rounded-window-bottom -->
        </div> <!-- panel -->
      </div> <!-- main-panel-root -->
    </div> <!-- wrapper -->
  </body>
<script type="text/javascript" src="testng-reports2.js"></script>
</html>
